<?xml version="1.0" encoding="UTF-8"?>
<!-- Generated by org.testng.reporters.JUnitReportReporter -->
<testsuite skipped="0" hostname="Kishores-MacBook-Pro.local" name="sampleTests.sampleTest1" tests="2" failures="0" timestamp="24 Mar 2017 16:49:17 GMT" time="47.587" errors="0">
  <testcase name="testMethod11" time="23.566" classname="sampleTests.sampleTest1"/>
  <testcase name="testMethod12" time="24.021" classname="sampleTests.sampleTest1"/>
</testsuite> <!-- sampleTests.sampleTest1 -->
