<?xml version="1.0" encoding="UTF-8"?>
<!-- Generated by org.testng.reporters.JUnitReportReporter -->
<testsuite skipped="0" hostname="Kishores-MacBook-Pro.local" name="sampleTests.sampleTest1" tests="2" failures="0" timestamp="25 Mar 2017 07:16:02 GMT" time="45.212" errors="0">
  <testcase name="testMethod12" time="21.758" classname="sampleTests.sampleTest1"/>
  <testcase name="testMethod11" time="23.454" classname="sampleTests.sampleTest1"/>
</testsuite> <!-- sampleTests.sampleTest1 -->
